<?xml version="1.0" encoding="UTF-8"?>
<testng-results ignored="8" total="9" passed="1" failed="0" skipped="0">
  <reporter-output>
  </reporter-output>
  <suite started-at="2025-11-19T22:30:05 CST" name="Suite" finished-at="2025-11-19T22:30:32 CST" duration-ms="27136">
    <groups>
    </groups>
    <test started-at="2025-11-19T22:30:05 CST" name="Smoke Testing" finished-at="2025-11-19T22:30:32 CST" duration-ms="27136">
      <class name="com.Hrms.tests.TestPIMPage">
        <test-method is-config="true" signature="setup()[pri:0, instance:com.Hrms.tests.TestPIMPage@587e5365]" started-at="2025-11-19T22:30:05 CST" name="setup" finished-at="2025-11-19T22:30:09 CST" duration-ms="4041" status="PASS">
          <reporter-output>
          </reporter-output>
        </test-method> <!-- setup -->
        <test-method signature="addEmployeeThenVeify()[pri:0, instance:com.Hrms.tests.TestPIMPage@587e5365]" started-at="2025-11-19T22:30:09 CST" name="addEmployeeThenVeify" description="Verify that an employee can be added successfully" finished-at="2025-11-19T22:30:32 CST" duration-ms="23006" status="PASS">
          <reporter-output>
          </reporter-output>
        </test-method> <!-- addEmployeeThenVeify -->
        <test-method is-config="true" signature="close()[pri:0, instance:com.Hrms.tests.TestPIMPage@587e5365]" started-at="2025-11-19T22:30:32 CST" name="close" finished-at="2025-11-19T22:30:32 CST" duration-ms="1" status="PASS">
          <reporter-output>
          </reporter-output>
        </test-method> <!-- close -->
      </class> <!-- com.Hrms.tests.TestPIMPage -->
    </test> <!-- Smoke Testing -->
  </suite> <!-- Suite -->
</testng-results>
